{
  "timestamp": "2024-04-28T05:47:44.329Z",
  "level": "info",
  "message": "Report added successfully"
}
{
  "timestamp": "2024-04-28T07:55:37.770Z",
  "level": "info",
  "message": "Attempt to create a new question"
}
{
  "timestamp": "2024-04-28T07:55:38.870Z",
  "level": "info",
  "message": "Question created successfully"
}
{
  "timestamp": "2024-04-28T07:56:50.828Z",
  "level": "info",
  "message": "Attempt to create a new question"
}
{
  "timestamp": "2024-04-28T07:56:53.010Z",
  "level": "info",
  "message": "Question created successfully"
}
{
  "timestamp": "2024-04-28T08:01:38.384Z",
  "level": "info",
  "message": "Rating added successfully"
}
{
  "timestamp": "2024-04-28T08:01:39.422Z",
  "level": "info",
  "message": "Updated lawyer -Nvs0D2WqXpuqNOCnLEC with new average rating: 4.50"
}
{
  "timestamp": "2024-04-28T09:20:56.182Z",
  "level": "info",
  "message": "View added successfully: -NwZ-H2d2lCCZrjJu0Yc"
}
{
  "timestamp": "2024-04-28T09:28:39.875Z",
  "level": "info",
  "message": "Views retrieved successfully for lawyer ID: -Nvs0D2WqXpuqNOCnLEC"
}
{
  "timestamp": "2024-04-30T13:20:17.175Z",
  "level": "info",
  "message": "Clients retrieved successfully:"
}
{
  "timestamp": "2024-04-30T13:20:17.672Z",
  "level": "info",
  "message": "Clients retrieved successfully:"
}
{
  "timestamp": "2024-04-30T13:20:19.593Z",
  "level": "info",
  "message": "Admins retrieved successfully"
}
{
  "timestamp": "2024-04-30T13:20:20.032Z",
  "level": "info",
  "message": "Admins retrieved successfully"
}
{
  "timestamp": "2024-04-30T13:20:52.341Z",
  "level": "info",
  "message": "Admins retrieved successfully"
}
{
  "timestamp": "2024-04-30T13:20:52.779Z",
  "level": "info",
  "message": "Admins retrieved successfully"
}
{
  "timestamp": "2024-04-30T13:20:54.480Z",
  "level": "info",
  "message": "Clients retrieved successfully:"
}
{
  "timestamp": "2024-04-30T13:20:54.952Z",
  "level": "info",
  "message": "Clients retrieved successfully:"
}
{
  "timestamp": "2024-04-30T13:20:57.857Z",
  "level": "info",
  "message": "Admins retrieved successfully"
}
{
  "timestamp": "2024-04-30T13:20:58.303Z",
  "level": "info",
  "message": "Admins retrieved successfully"
}
{
  "timestamp": "2024-04-30T13:21:02.851Z",
  "level": "info",
  "message": "Admins retrieved successfully"
}
{
  "timestamp": "2024-04-30T13:21:03.366Z",
  "level": "info",
  "message": "Admins retrieved successfully"
}
{
  "timestamp": "2024-04-30T13:21:06.864Z",
  "level": "info",
  "message": "Clients retrieved successfully:"
}
{
  "timestamp": "2024-04-30T13:21:07.338Z",
  "level": "info",
  "message": "Clients retrieved successfully:"
}
{
  "timestamp": "2024-04-30T13:21:09.058Z",
  "level": "info",
  "message": "Admins retrieved successfully"
}
{
  "timestamp": "2024-04-30T13:21:09.501Z",
  "level": "info",
  "message": "Admins retrieved successfully"
}
{
  "timestamp": "2024-04-30T13:21:30.457Z",
  "level": "info",
  "message": "Clients retrieved successfully:"
}
{
  "timestamp": "2024-04-30T13:21:30.929Z",
  "level": "info",
  "message": "Clients retrieved successfully:"
}
{
  "timestamp": "2024-04-30T13:21:49.462Z",
  "level": "info",
  "message": "Admins retrieved successfully"
}
{
  "timestamp": "2024-04-30T13:21:49.897Z",
  "level": "info",
  "message": "Admins retrieved successfully"
}
{
  "timestamp": "2024-04-30T13:22:03.129Z",
  "level": "info",
  "message": "Clients retrieved successfully:"
}
{
  "timestamp": "2024-04-30T13:22:03.601Z",
  "level": "info",
  "message": "Clients retrieved successfully:"
}
{
  "timestamp": "2024-04-30T13:22:05.732Z",
  "level": "info",
  "message": "Admins retrieved successfully"
}
{
  "timestamp": "2024-04-30T13:22:06.172Z",
  "level": "info",
  "message": "Admins retrieved successfully"
}
{
  "timestamp": "2024-04-30T14:40:42.105Z",
  "level": "info",
  "message": "Admins retrieved successfully"
}
{
  "timestamp": "2024-04-30T14:40:43.067Z",
  "level": "info",
  "message": "Admins retrieved successfully"
}
{
  "timestamp": "2024-04-30T15:23:22.332Z",
  "level": "info",
  "message": "Admins retrieved successfully"
}
{
  "timestamp": "2024-04-30T15:23:22.526Z",
  "level": "info",
  "message": "Admins retrieved successfully"
}
{
  "timestamp": "2024-05-06T06:42:13.491Z",
  "level": "info",
  "message": "Attempting to fetch all questions with answers"
}
{
  "timestamp": "2024-05-06T06:42:19.350Z",
  "level": "info",
  "message": "Successfully fetched all questions with their respective answers"
}
{
  "timestamp": "2024-05-07T06:07:32.101Z",
  "level": "info",
  "message": "Received request to initiate Client registration"
}
{
  "timestamp": "2024-05-07T06:07:33.364Z",
  "level": "info",
  "message": "Generated OTP:"
}
{
  "timestamp": "2024-05-07T06:07:35.308Z",
  "level": "info",
  "message": "OTP email sent to:"
}
{
  "timestamp": "2024-05-07T06:07:35.384Z",
  "level": "info",
  "message": "Password hashed"
}
{
  "timestamp": "2024-05-07T06:07:35.386Z",
  "level": "info",
  "message": "Temporary Client data stored in memory"
}
{
  "timestamp": "2024-05-07T06:08:51.686Z",
  "level": "info",
  "message": "Received registration request:"
}
{
  "timestamp": "2024-05-07T06:08:51.687Z",
  "level": "info",
  "message": "No picture received."
}
{
  "timestamp": "2024-05-07T06:08:51.688Z",
  "level": "error",
  "message": "No registration found for the provided key."
}
{
  "timestamp": "2024-05-07T06:08:51.687Z",
  "level": "info",
  "message": "Temp storage entry:"
}
{
  "timestamp": "2024-05-07T06:10:28.763Z",
  "level": "info",
  "message": "Received request to initiate Client registration"
}
{
  "timestamp": "2024-05-07T06:10:29.130Z",
  "level": "info",
  "message": "Generated OTP:"
}
{
  "timestamp": "2024-05-07T06:10:30.527Z",
  "level": "info",
  "message": "OTP email sent to:"
}
{
  "timestamp": "2024-05-07T06:10:30.603Z",
  "level": "info",
  "message": "Password hashed"
}
{
  "timestamp": "2024-05-07T06:10:30.604Z",
  "level": "info",
  "message": "Temporary Client data stored in memory"
}
{
  "timestamp": "2024-05-07T06:11:14.783Z",
  "level": "info",
  "message": "Received request to initiate Client registration"
}
{
  "timestamp": "2024-05-07T06:11:34.738Z",
  "level": "info",
  "message": "Received request to initiate Client registration"
}
{
  "timestamp": "2024-05-07T06:11:35.428Z",
  "level": "info",
  "message": "Generated OTP:"
}
{
  "timestamp": "2024-05-07T06:11:37.278Z",
  "level": "info",
  "message": "OTP email sent to:"
}
{
  "timestamp": "2024-05-07T06:11:37.351Z",
  "level": "info",
  "message": "Password hashed"
}
{
  "timestamp": "2024-05-07T06:11:37.352Z",
  "level": "info",
  "message": "Temporary Client data stored in memory"
}
{
  "timestamp": "2024-05-07T06:12:33.298Z",
  "level": "info",
  "message": "Received registration request:"
}
{
  "timestamp": "2024-05-07T06:12:33.301Z",
  "level": "info",
  "message": "No picture received."
}
{
  "timestamp": "2024-05-07T06:12:33.301Z",
  "level": "info",
  "message": "Temp storage entry:"
}
{
  "timestamp": "2024-05-07T06:12:33.301Z",
  "level": "error",
  "message": "No registration found for the provided key."
}
{
  "timestamp": "2024-05-07T06:14:07.125Z",
  "level": "info",
  "message": "Received request to initiate Client registration"
}
{
  "timestamp": "2024-05-07T06:14:08.298Z",
  "level": "info",
  "message": "Generated OTP:"
}
{
  "timestamp": "2024-05-07T06:14:09.658Z",
  "level": "info",
  "message": "OTP email sent to:"
}
{
  "timestamp": "2024-05-07T06:14:09.728Z",
  "level": "info",
  "message": "Password hashed"
}
{
  "timestamp": "2024-05-07T06:14:09.729Z",
  "level": "info",
  "message": "Temporary Client data stored in memory"
}
{
  "timestamp": "2024-05-07T06:14:53.269Z",
  "level": "info",
  "message": "Received registration request:"
}
{
  "timestamp": "2024-05-07T06:14:53.271Z",
  "level": "info",
  "message": "No picture received."
}
{
  "timestamp": "2024-05-07T06:14:53.271Z",
  "level": "error",
  "message": "No registration found for the provided key."
}
{
  "timestamp": "2024-05-07T06:14:53.271Z",
  "level": "info",
  "message": "Temp storage entry:"
}
{
  "timestamp": "2024-05-07T06:21:02.014Z",
  "level": "info",
  "message": "Received registration request:"
}
{
  "timestamp": "2024-05-07T06:21:02.017Z",
  "level": "info",
  "message": "No picture received."
}
{
  "timestamp": "2024-05-07T06:21:02.017Z",
  "level": "info",
  "message": "Temp storage entry:"
}
{
  "timestamp": "2024-05-07T06:21:02.017Z",
  "level": "error",
  "message": "No registration found for the provided key."
}
{
  "timestamp": "2024-05-07T06:21:04.129Z",
  "level": "info",
  "message": "Received registration request:"
}
{
  "timestamp": "2024-05-07T06:21:04.131Z",
  "level": "info",
  "message": "No picture received."
}
{
  "timestamp": "2024-05-07T06:21:04.131Z",
  "level": "info",
  "message": "Temp storage entry:"
}
{
  "timestamp": "2024-05-07T06:21:04.131Z",
  "level": "error",
  "message": "No registration found for the provided key."
}
{
  "timestamp": "2024-05-07T06:21:08.456Z",
  "level": "info",
  "message": "Received request to initiate Client registration"
}
{
  "timestamp": "2024-05-07T06:21:08.683Z",
  "level": "info",
  "message": "Generated OTP:"
}
{
  "timestamp": "2024-05-07T06:21:10.952Z",
  "level": "info",
  "message": "OTP email sent to:"
}
{
  "timestamp": "2024-05-07T06:21:11.030Z",
  "level": "info",
  "message": "Password hashed"
}
{
  "timestamp": "2024-05-07T06:21:11.031Z",
  "level": "info",
  "message": "Temporary Client data stored in memory"
}
{
  "timestamp": "2024-05-07T06:22:11.160Z",
  "level": "info",
  "message": "Received registration request:"
}
{
  "timestamp": "2024-05-07T06:22:11.162Z",
  "level": "info",
  "message": "No picture received."
}
{
  "timestamp": "2024-05-07T06:22:11.162Z",
  "level": "info",
  "message": "Temp storage entry:"
}
{
  "timestamp": "2024-05-07T06:22:11.162Z",
  "level": "error",
  "message": "No registration found for the provided key."
}
{
  "timestamp": "2024-05-07T06:24:38.751Z",
  "level": "info",
  "message": "Generated OTP:"
}
{
  "timestamp": "2024-05-07T06:24:40.715Z",
  "level": "info",
  "message": "Temporary Client data stored in memory"
}
{
  "timestamp": "2024-05-07T06:26:28.833Z",
  "level": "info",
  "message": "Client data set in database:"
}
{
  "timestamp": "2024-05-07T06:26:28.837Z",
  "level": "info",
  "message": "Temporary data cleared from memory for:"
}
{
  "timestamp": "2024-05-07T09:10:17.450Z",
  "level": "info",
  "message": "Fetching all lawyers with filters"
}
{
  "timestamp": "2024-05-07T09:10:19.065Z",
  "level": "error",
  "message": "Error retrieving lawyers with filters"
}
{
  "timestamp": "2024-05-07T09:45:25.076Z",
  "level": "info",
  "message": "Fetching all lawyers with filters"
}
{
  "timestamp": "2024-05-07T09:45:26.210Z",
  "level": "info",
  "message": "Lawyers retrieved successfully"
}
{
  "timestamp": "2024-05-07T09:47:42.753Z",
  "level": "info",
  "message": "Fetching all lawyers with filters"
}
{
  "timestamp": "2024-05-07T09:47:42.976Z",
  "level": "info",
  "message": "No matching lawyers found after applying filters"
}
{
  "timestamp": "2024-05-07T09:47:50.866Z",
  "level": "info",
  "message": "Fetching all lawyers with filters"
}
{
  "timestamp": "2024-05-07T09:47:51.075Z",
  "level": "info",
  "message": "No matching lawyers found after applying filters"
}
{
  "timestamp": "2024-05-07T09:48:13.370Z",
  "level": "info",
  "message": "Fetching all lawyers with filters"
}
{
  "timestamp": "2024-05-07T09:48:13.581Z",
  "level": "info",
  "message": "No matching lawyers found after applying filters"
}
{
  "timestamp": "2024-05-07T09:48:30.745Z",
  "level": "info",
  "message": "Fetching all lawyers with filters"
}
{
  "timestamp": "2024-05-07T09:48:30.942Z",
  "level": "info",
  "message": "No matching lawyers found after applying filters"
}
{
  "timestamp": "2024-05-07T10:08:36.335Z",
  "level": "info",
  "message": "Fetching all lawyers with filters"
}
{
  "timestamp": "2024-05-07T10:08:37.642Z",
  "level": "info",
  "message": "No matching lawyers found after applying filters"
}
{
  "timestamp": "2024-05-07T10:08:44.091Z",
  "level": "info",
  "message": "Fetching all lawyers with filters"
}
{
  "timestamp": "2024-05-07T10:08:44.379Z",
  "level": "info",
  "message": "Lawyers retrieved successfully"
}
{
  "timestamp": "2024-05-07T10:09:42.774Z",
  "level": "info",
  "message": "Fetching all lawyers with filters"
}
{
  "timestamp": "2024-05-07T10:09:43.034Z",
  "level": "error",
  "message": "Error retrieving lawyers with filters"
}
{
  "timestamp": "2024-05-07T10:13:42.169Z",
  "level": "info",
  "message": "Fetching all lawyers with filters"
}
{
  "timestamp": "2024-05-07T10:13:44.329Z",
  "level": "info",
  "message": "Lawyers retrieved successfully"
}
{
  "timestamp": "2024-05-07T10:14:07.477Z",
  "level": "info",
  "message": "Fetching all lawyers with filters"
}
{
  "timestamp": "2024-05-07T10:14:07.942Z",
  "level": "info",
  "message": "Lawyers retrieved successfully"
}
{
  "timestamp": "2024-05-07T10:14:26.525Z",
  "level": "info",
  "message": "Fetching all lawyers with filters"
}
{
  "timestamp": "2024-05-07T10:14:26.761Z",
  "level": "info",
  "message": "No matching lawyers found after applying filters"
}
{
  "timestamp": "2024-05-07T10:14:37.873Z",
  "level": "info",
  "message": "Fetching all lawyers with filters"
}
{
  "timestamp": "2024-05-07T10:14:38.223Z",
  "level": "info",
  "message": "No matching lawyers found after applying filters"
}
{
  "timestamp": "2024-05-07T10:14:54.538Z",
  "level": "info",
  "message": "Fetching all lawyers with filters"
}
{
  "timestamp": "2024-05-07T10:14:54.840Z",
  "level": "info",
  "message": "Lawyers retrieved successfully"
}
{
  "timestamp": "2024-05-07T10:15:12.337Z",
  "level": "info",
  "message": "Fetching all lawyers with filters"
}
{
  "timestamp": "2024-05-07T10:15:12.582Z",
  "level": "info",
  "message": "Lawyers retrieved successfully"
}
{
  "timestamp": "2024-05-07T10:15:51.437Z",
  "level": "info",
  "message": "Fetching all lawyers with filters"
}
{
  "timestamp": "2024-05-07T10:15:51.955Z",
  "level": "info",
  "message": "No matching lawyers found after applying filters"
}
{
  "timestamp": "2024-05-07T10:21:23.633Z",
  "level": "info",
  "message": "Fetching all lawyers with filters"
}
{
  "timestamp": "2024-05-07T10:21:24.970Z",
  "level": "info",
  "message": "Lawyers retrieved successfully"
}
{
  "timestamp": "2024-05-07T10:21:34.598Z",
  "level": "info",
  "message": "Fetching all lawyers with filters"
}
{
  "timestamp": "2024-05-07T10:21:34.812Z",
  "level": "info",
  "message": "Lawyers retrieved successfully"
}
{
  "timestamp": "2024-05-07T10:21:44.385Z",
  "level": "info",
  "message": "Fetching all lawyers with filters"
}
{
  "timestamp": "2024-05-07T10:21:44.614Z",
  "level": "info",
  "message": "Lawyers retrieved successfully"
}
{
  "timestamp": "2024-05-07T11:01:50.247Z",
  "level": "info",
  "message": "Attempting to delete answer"
}
{
  "timestamp": "2024-05-07T11:01:50.616Z",
  "level": "info",
  "message": "Successfully deleted answer"
}
{
  "timestamp": "2024-05-07T11:17:51.749Z",
  "level": "info",
  "message": "Fetching comments and replies for lawyer ID: -Nvs0D2WqXpuqNOCnLEC"
}
{
  "timestamp": "2024-05-07T11:17:53.428Z",
  "level": "info",
  "message": "Successfully retrieved comments and replies for lawyer ID: -Nvs0D2WqXpuqNOCnLEC"
}
{
  "timestamp": "2024-05-07T11:19:09.178Z",
  "level": "info",
  "message": "Attempting to delete reply for comment ID: -NwNG0PLCpTsKJXGCJDq, reply ID: -NwNP9qrFNGC_VSA1P8l"
}
{
  "timestamp": "2024-05-07T11:19:10.648Z",
  "level": "info",
  "message": "Reply deleted successfully for reply ID: -NwNP9qrFNGC_VSA1P8l under comment ID: -NwNG0PLCpTsKJXGCJDq"
}
{
  "timestamp": "2024-05-07T11:19:36.198Z",
  "level": "info",
  "message": "Attempting to delete comment and its replies for comment ID: -NwNG0PLCpTsKJXGCJDq"
}
{
  "timestamp": "2024-05-07T11:19:36.560Z",
  "level": "info",
  "message": "Comment deleted successfully for comment ID: -NwNG0PLCpTsKJXGCJDq"
}
{
  "timestamp": "2024-05-07T11:19:36.864Z",
  "level": "info",
  "message": "All related replies deleted for comment ID: -NwNG0PLCpTsKJXGCJDq"
}
{
  "timestamp": "2024-05-07T13:37:10.637Z",
  "level": "info",
  "message": "Received request to initiate lawyer registration"
}
{
  "timestamp": "2024-05-07T13:37:10.988Z",
  "level": "info",
  "message": "OTP generated"
}
{
  "timestamp": "2024-05-07T13:37:12.893Z",
  "level": "info",
  "message": "OTP email sent"
}
{
  "timestamp": "2024-05-07T13:38:04.712Z",
  "level": "info",
  "message": "Received request to initiate lawyer registration"
}
{
  "timestamp": "2024-05-07T13:38:05.820Z",
  "level": "info",
  "message": "OTP generated"
}
{
  "timestamp": "2024-05-07T13:38:06.803Z",
  "level": "info",
  "message": "OTP email sent"
}
{
  "timestamp": "2024-05-07T13:40:22.665Z",
  "level": "info",
  "message": "Received request to initiate lawyer registration"
}
{
  "timestamp": "2024-05-07T13:40:23.704Z",
  "level": "info",
  "message": "OTP generated"
}
{
  "timestamp": "2024-05-07T13:40:25.461Z",
  "level": "info",
  "message": "OTP email sent"
}
{
  "timestamp": "2024-05-07T13:40:25.627Z",
  "level": "info",
  "message": "Password hashed"
}
{
  "timestamp": "2024-05-07T13:40:25.631Z",
  "level": "info",
  "message": "Temporary lawyer data stored in memory"
}
{
  "timestamp": "2024-05-07T13:41:30.803Z",
  "level": "info",
  "message": "Received registration request"
}
{
  "timestamp": "2024-05-07T13:41:30.810Z",
  "level": "info",
  "message": "Received picture for registration"
}
{
  "timestamp": "2024-05-07T13:41:30.812Z",
  "level": "info",
  "message": "Attempting to upload file"
}
{
  "timestamp": "2024-05-07T13:41:33.341Z",
  "level": "info",
  "message": "File uploaded successfully"
}
{
  "timestamp": "2024-05-07T13:41:33.348Z",
  "level": "info",
  "message": "Image uploaded successfully"
}
{
  "timestamp": "2024-05-07T13:41:33.486Z",
  "level": "info",
  "message": "Lawyer registered successfully"
}
{
  "timestamp": "2024-05-07T13:41:33.494Z",
  "level": "info",
  "message": "Temporary data cleared from memory"
}
{
  "timestamp": "2024-05-07T13:43:34.774Z",
  "level": "info",
  "message": "Received request to initiate lawyer registration"
}
{
  "timestamp": "2024-05-07T13:43:35.912Z",
  "level": "warn",
  "message": "Email already registered as lawyer"
}
{
  "timestamp": "2024-05-07T13:43:45.203Z",
  "level": "info",
  "message": "Received request to initiate lawyer registration"
}
{
  "timestamp": "2024-05-07T13:43:45.419Z",
  "level": "info",
  "message": "OTP generated"
}
{
  "timestamp": "2024-05-07T13:43:47.045Z",
  "level": "info",
  "message": "OTP email sent"
}
{
  "timestamp": "2024-05-07T13:43:47.284Z",
  "level": "info",
  "message": "Password hashed"
}
{
  "timestamp": "2024-05-07T13:43:47.285Z",
  "level": "info",
  "message": "Temporary lawyer data stored in memory"
}
{
  "timestamp": "2024-05-07T13:44:29.453Z",
  "level": "info",
  "message": "Received registration request"
}
{
  "timestamp": "2024-05-07T13:44:29.457Z",
  "level": "info",
  "message": "Received picture for registration"
}
{
  "timestamp": "2024-05-07T13:44:29.458Z",
  "level": "info",
  "message": "Attempting to upload file"
}
{
  "timestamp": "2024-05-07T13:44:31.741Z",
  "level": "info",
  "message": "File uploaded successfully"
}
{
  "timestamp": "2024-05-07T13:44:31.747Z",
  "level": "info",
  "message": "Image uploaded successfully"
}
{
  "timestamp": "2024-05-07T13:44:31.881Z",
  "level": "info",
  "message": "Lawyer registered successfully"
}
{
  "timestamp": "2024-05-07T13:44:31.887Z",
  "level": "info",
  "message": "Temporary data cleared from memory"
}
{
  "timestamp": "2024-05-08T16:04:09.087Z",
  "level": "info",
  "message": "Lawyer verification created successfully"
}
{
  "timestamp": "2024-05-08T16:06:48.821Z",
  "level": "info",
  "message": "Lawyer verification deleted successfully"
}
{
  "timestamp": "2024-05-09T18:18:20.266Z",
  "level": "info",
  "message": "Client data set in database:"
}
{
  "timestamp": "2024-05-09T18:18:20.306Z",
  "level": "info",
  "message": "Temporary data cleared from memory for:"
}
{
  "timestamp": "2024-05-09T18:45:15.163Z",
  "level": "info",
  "message": "Client data set in database:"
}
{
  "timestamp": "2024-05-09T18:45:15.166Z",
  "level": "info",
  "message": "Temporary data cleared from memory for:"
}
{
  "timestamp": "2024-05-09T19:09:36.096Z",
  "level": "info",
  "message": "Client data set in database:"
}
{
  "timestamp": "2024-05-09T19:09:36.103Z",
  "level": "info",
  "message": "Temporary data cleared from memory for:"
}
{
  "timestamp": "2024-05-09T19:18:57.930Z",
  "level": "info",
  "message": "Client data set in database:"
}
{
  "timestamp": "2024-05-09T19:18:57.937Z",
  "level": "info",
  "message": "Temporary data cleared from memory for:"
}
{
  "timestamp": "2024-05-09T19:24:29.245Z",
  "level": "info",
  "message": "Client data set in database:"
}
{
  "timestamp": "2024-05-09T19:24:29.247Z",
  "level": "info",
  "message": "Temporary data cleared from memory for:"
}
{
  "timestamp": "2024-05-09T19:42:13.667Z",
  "level": "info",
  "message": "Client data set in database:"
}
{
  "timestamp": "2024-05-09T19:42:13.671Z",
  "level": "info",
  "message": "Temporary data cleared from memory for:"
}
{
  "timestamp": "2024-05-09T20:43:53.150Z",
  "level": "info",
  "message": "Client data set in database:"
}
{
  "timestamp": "2024-05-09T20:43:53.176Z",
  "level": "info",
  "message": "Temporary data cleared from memory for:"
}
{
  "timestamp": "2024-05-10T10:56:24.931Z",
  "level": "info",
  "message": "Client data set in database:"
}
{
  "timestamp": "2024-05-10T10:56:24.978Z",
  "level": "info",
  "message": "Temporary data cleared from memory for:"
}
{
  "timestamp": "2024-05-10T11:12:23.283Z",
  "level": "info",
  "message": "Client data set in database:"
}
{
  "timestamp": "2024-05-10T11:12:23.289Z",
  "level": "info",
  "message": "Temporary data cleared from memory for:"
}
{
  "timestamp": "2024-05-10T11:44:16.126Z",
  "level": "info",
  "message": "Client data set in database:"
}
{
  "timestamp": "2024-05-10T11:44:16.142Z",
  "level": "info",
  "message": "Temporary data cleared from memory for:"
}
{
  "timestamp": "2024-05-10T11:47:39.255Z",
  "level": "info",
  "message": "Client data set in database:"
}
{
  "timestamp": "2024-05-10T11:47:39.260Z",
  "level": "info",
  "message": "Temporary data cleared from memory for:"
}
{
  "timestamp": "2024-05-10T12:55:20.045Z",
  "level": "info",
  "message": "Client data set in database:"
}
{
  "timestamp": "2024-05-10T12:55:20.049Z",
  "level": "info",
  "message": "Temporary data cleared from memory for:"
}
{
  "timestamp": "2024-05-10T14:12:42.275Z",
  "level": "info",
  "message": "Client data set in database:"
}
{
  "timestamp": "2024-05-10T14:12:42.282Z",
  "level": "info",
  "message": "Temporary data cleared from memory for:"
}
{
  "timestamp": "2024-05-10T18:58:42.961Z",
  "level": "info",
  "message": "No client found with ID: -Nvs0D2WqXpuqNOCnLEC"
}
{
  "timestamp": "2024-05-10T19:00:00.043Z",
  "level": "info",
  "message": "Client data retrieved successfully for ID: -NwBB-yOIGQlqLonV6Cx"
}
{
  "timestamp": "2024-05-10T20:56:23.961Z",
  "level": "info",
  "message": "No client found with ID: -Nvs0D2WqXpuqNOCnLEC"
}
{
  "timestamp": "2024-05-10T21:54:12.592Z",
  "level": "info",
  "message": "Client data set in database:"
}
{
  "timestamp": "2024-05-10T21:54:12.602Z",
  "level": "info",
  "message": "Temporary data cleared from memory for:"
}
{
  "timestamp": "2024-05-11T17:18:45.253Z",
  "level": "info",
  "message": "Fetching all lawyers with filters"
}
{
  "timestamp": "2024-05-11T17:18:46.855Z",
  "level": "info",
  "message": "Lawyers retrieved successfully"
}
{
  "timestamp": "2024-05-12T20:35:50.313Z",
  "level": "error",
  "message": "Error registering admin: set failed: value argument contains undefined in property 'admins.-NxiWCLbPdoR2RjKH25G.last_name'"
}
{
  "timestamp": "2024-05-12T20:38:15.102Z",
  "level": "error",
  "message": "Error registering admin: set failed: value argument contains undefined in property 'admins.-NxiWkgwryw-B_o6m0OK.last_name'"
}
{
  "timestamp": "2024-05-12T20:48:45.121Z",
  "level": "error",
  "message": "Error registering admin: set failed: value argument contains undefined in property 'admins.-NxiZ9VvzpJAsz23BqGF.last_name'"
}
{
  "timestamp": "2024-05-12T20:50:30.259Z",
  "level": "error",
  "message": "Error registering admin: set failed: value argument contains undefined in property 'admins.-NxiZZAkdTBL0oerdh3T.last_name'"
}
{
  "timestamp": "2024-05-12T20:52:58.842Z",
  "level": "info",
  "message": "Admin registered successfully:"
}
{
  "timestamp": "2024-05-12T20:54:45.914Z",
  "level": "info",
  "message": "Admin registered successfully:"
}
{
  "timestamp": "2024-05-12T20:56:19.917Z",
  "level": "error",
  "message": "Error registering admin: storageRef is not defined"
}
{
  "timestamp": "2024-05-12T20:57:19.997Z",
  "level": "error",
  "message": "Error registering admin: storage is not defined"
}
{
  "timestamp": "2024-05-12T20:58:51.615Z",
  "level": "error",
  "message": "Upload failed:"
}
{
  "timestamp": "2024-05-12T20:58:51.618Z",
  "level": "error",
  "message": "Error registering admin: Failed to upload image due to error: axios is not defined"
}
{
  "timestamp": "2024-05-12T20:59:26.016Z",
  "level": "info",
  "message": "Admin registered successfully:"
}
{
  "timestamp": "2024-05-12T21:04:34.360Z",
  "level": "info",
  "message": "Admin registered successfully:"
}
{
  "timestamp": "2024-05-12T21:06:33.493Z",
  "level": "info",
  "message": "Admin registered successfully:"
}
{
  "timestamp": "2024-05-13T13:56:07.722Z",
  "level": "info",
  "message": "Admins retrieved successfully"
}
{
  "timestamp": "2024-05-13T13:56:08.187Z",
  "level": "info",
  "message": "Admins retrieved successfully"
}
{
  "timestamp": "2024-05-13T14:04:13.464Z",
  "level": "info",
  "message": "Admins retrieved successfully"
}
{
  "timestamp": "2024-05-13T14:04:13.926Z",
  "level": "info",
  "message": "Admins retrieved successfully"
}
{
  "timestamp": "2024-05-13T14:04:17.751Z",
  "level": "info",
  "message": "Clients retrieved successfully:"
}
{
  "timestamp": "2024-05-13T14:04:19.062Z",
  "level": "info",
  "message": "Clients retrieved successfully:"
}
{
  "timestamp": "2024-05-13T14:05:13.996Z",
  "level": "info",
  "message": "Clients retrieved successfully:"
}
{
  "timestamp": "2024-05-13T14:05:15.078Z",
  "level": "info",
  "message": "Clients retrieved successfully:"
}
{
  "timestamp": "2024-05-13T14:05:24.555Z",
  "level": "info",
  "message": "Clients retrieved successfully:"
}
{
  "timestamp": "2024-05-13T14:05:25.646Z",
  "level": "info",
  "message": "Clients retrieved successfully:"
}
{
  "timestamp": "2024-05-13T14:05:44.708Z",
  "level": "info",
  "message": "Admins retrieved successfully"
}
{
  "timestamp": "2024-05-13T14:05:45.604Z",
  "level": "info",
  "message": "Admins retrieved successfully"
}
{
  "timestamp": "2024-05-13T14:05:49.608Z",
  "level": "info",
  "message": "Clients retrieved successfully:"
}
{
  "timestamp": "2024-05-13T14:05:50.714Z",
  "level": "info",
  "message": "Clients retrieved successfully:"
}
{
  "timestamp": "2024-05-13T14:12:53.851Z",
  "level": "info",
  "message": "Admins retrieved successfully"
}
{
  "timestamp": "2024-05-13T14:12:54.283Z",
  "level": "info",
  "message": "Admins retrieved successfully"
}
{
  "timestamp": "2024-05-13T14:12:58.689Z",
  "level": "info",
  "message": "Clients retrieved successfully:"
}
{
  "timestamp": "2024-05-13T14:12:59.886Z",
  "level": "info",
  "message": "Clients retrieved successfully:"
}
{
  "timestamp": "2024-05-13T14:13:16.686Z",
  "level": "info",
  "message": "Clients retrieved successfully:"
}
{
  "timestamp": "2024-05-13T14:13:17.757Z",
  "level": "info",
  "message": "Clients retrieved successfully:"
}
{
  "timestamp": "2024-05-13T14:14:13.345Z",
  "level": "info",
  "message": "Clients retrieved successfully:"
}
{
  "timestamp": "2024-05-13T14:14:14.393Z",
  "level": "info",
  "message": "Clients retrieved successfully:"
}
{
  "timestamp": "2024-05-13T14:14:33.412Z",
  "level": "info",
  "message": "Admins retrieved successfully"
}
{
  "timestamp": "2024-05-13T14:14:33.845Z",
  "level": "info",
  "message": "Admins retrieved successfully"
}
{
  "timestamp": "2024-05-13T14:14:39.561Z",
  "level": "info",
  "message": "Clients retrieved successfully:"
}
{
  "timestamp": "2024-05-13T14:14:40.619Z",
  "level": "info",
  "message": "Clients retrieved successfully:"
}
{
  "timestamp": "2024-05-13T14:16:09.433Z",
  "level": "info",
  "message": "Clients retrieved successfully:"
}
{
  "timestamp": "2024-05-13T14:16:10.540Z",
  "level": "info",
  "message": "Clients retrieved successfully:"
}
{
  "timestamp": "2024-05-13T15:42:34.447Z",
  "level": "info",
  "message": "Clients retrieved successfully:"
}
{
  "timestamp": "2024-05-13T15:42:35.341Z",
  "level": "info",
  "message": "Clients retrieved successfully:"
}
{
  "timestamp": "2024-05-13T15:43:17.917Z",
  "level": "info",
  "message": "Clients retrieved successfully:"
}
{
  "timestamp": "2024-05-13T15:43:18.839Z",
  "level": "info",
  "message": "Clients retrieved successfully:"
}
{
  "timestamp": "2024-05-13T16:34:28.722Z",
  "level": "info",
  "message": "Admins retrieved successfully"
}
{
  "timestamp": "2024-05-13T16:34:28.900Z",
  "level": "info",
  "message": "Admins retrieved successfully"
}
{
  "timestamp": "2024-05-13T16:34:39.752Z",
  "level": "info",
  "message": "Admins retrieved successfully"
}
{
  "timestamp": "2024-05-13T16:34:39.891Z",
  "level": "info",
  "message": "Admins retrieved successfully"
}
{
  "timestamp": "2024-05-13T16:34:46.869Z",
  "level": "info",
  "message": "Clients retrieved successfully:"
}
{
  "timestamp": "2024-05-13T16:34:47.807Z",
  "level": "info",
  "message": "Clients retrieved successfully:"
}
{
  "timestamp": "2024-05-13T16:51:36.681Z",
  "level": "info",
  "message": "Admins retrieved successfully"
}
{
  "timestamp": "2024-05-13T16:51:36.793Z",
  "level": "info",
  "message": "Admins retrieved successfully"
}
{
  "timestamp": "2024-05-13T16:51:39.324Z",
  "level": "info",
  "message": "Admins retrieved successfully"
}
{
  "timestamp": "2024-05-13T16:51:39.431Z",
  "level": "info",
  "message": "Admins retrieved successfully"
}
{
  "timestamp": "2024-05-13T16:51:42.111Z",
  "level": "info",
  "message": "Clients retrieved successfully:"
}
{
  "timestamp": "2024-05-13T16:51:43.136Z",
  "level": "info",
  "message": "Clients retrieved successfully:"
}
{
  "timestamp": "2024-05-13T17:19:59.883Z",
  "level": "info",
  "message": "Admins retrieved successfully"
}
{
  "timestamp": "2024-05-13T17:20:00.060Z",
  "level": "info",
  "message": "Admins retrieved successfully"
}
{
  "timestamp": "2024-05-13T17:20:03.518Z",
  "level": "info",
  "message": "Clients retrieved successfully:"
}
{
  "timestamp": "2024-05-13T17:20:04.719Z",
  "level": "info",
  "message": "Clients retrieved successfully:"
}
{
  "timestamp": "2024-05-14T05:36:43.794Z",
  "level": "info",
  "message": "Clients retrieved successfully:"
}
{
  "timestamp": "2024-05-14T05:36:44.633Z",
  "level": "info",
  "message": "Clients retrieved successfully:"
}
{
  "timestamp": "2024-05-14T05:38:56.591Z",
  "level": "info",
  "message": "All appointments retrieved successfully."
}
{
  "timestamp": "2024-05-14T05:41:14.066Z",
  "level": "info",
  "message": "All appointments retrieved successfully."
}
{
  "timestamp": "2024-05-14T05:41:14.301Z",
  "level": "info",
  "message": "All appointments retrieved successfully."
}
{
  "timestamp": "2024-05-14T05:59:56.517Z",
  "level": "info",
  "message": "All appointments retrieved successfully."
}
{
  "timestamp": "2024-05-14T06:00:27.095Z",
  "level": "info",
  "message": "Clients retrieved successfully:"
}
{
  "timestamp": "2024-05-14T06:00:28.016Z",
  "level": "info",
  "message": "Clients retrieved successfully:"
}
{
  "timestamp": "2024-05-14T06:00:37.476Z",
  "level": "info",
  "message": "All appointments retrieved successfully."
}
{
  "timestamp": "2024-05-14T06:00:37.604Z",
  "level": "info",
  "message": "All appointments retrieved successfully."
}
{
  "timestamp": "2024-05-14T06:00:40.249Z",
  "level": "info",
  "message": "All appointments retrieved successfully."
}
{
  "timestamp": "2024-05-14T06:00:40.390Z",
  "level": "info",
  "message": "All appointments retrieved successfully."
}
{
  "timestamp": "2024-05-14T06:04:25.011Z",
  "level": "info",
  "message": "Admins retrieved successfully"
}
{
  "timestamp": "2024-05-14T06:04:25.139Z",
  "level": "info",
  "message": "Admins retrieved successfully"
}
{
  "timestamp": "2024-05-14T06:04:29.209Z",
  "level": "info",
  "message": "Admins retrieved successfully"
}
{
  "timestamp": "2024-05-14T06:04:29.412Z",
  "level": "info",
  "message": "Admins retrieved successfully"
}
{
  "timestamp": "2024-05-14T06:04:32.973Z",
  "level": "info",
  "message": "Clients retrieved successfully:"
}
{
  "timestamp": "2024-05-14T06:04:34.268Z",
  "level": "info",
  "message": "Clients retrieved successfully:"
}
{
  "timestamp": "2024-05-14T06:05:12.609Z",
  "level": "info",
  "message": "All appointments retrieved successfully."
}
{
  "timestamp": "2024-05-14T06:05:12.734Z",
  "level": "info",
  "message": "All appointments retrieved successfully."
}
{
  "timestamp": "2024-05-14T06:19:32.952Z",
  "level": "info",
  "message": "All appointments retrieved successfully."
}
{
  "timestamp": "2024-05-14T06:19:33.075Z",
  "level": "info",
  "message": "All appointments retrieved successfully."
}
{
  "timestamp": "2024-05-14T06:20:47.338Z",
  "level": "info",
  "message": "Appointment accepted successfully:"
}
{
  "timestamp": "2024-05-14T06:31:04.221Z",
  "level": "info",
  "message": "Appointment rejected successfully:"
}
{
  "timestamp": "2024-05-14T06:34:37.480Z",
  "level": "info",
  "message": "Appointment rejected successfully:"
}
{
  "timestamp": "2024-05-14T06:34:45.881Z",
  "level": "info",
  "message": "Appointment rejected successfully:"
}
{
  "timestamp": "2024-05-14T06:34:50.356Z",
  "level": "info",
  "message": "Clients retrieved successfully:"
}
{
  "timestamp": "2024-05-14T06:34:50.982Z",
  "level": "info",
  "message": "Clients retrieved successfully:"
}
{
  "timestamp": "2024-05-14T06:34:52.163Z",
  "level": "info",
  "message": "All appointments retrieved successfully."
}
{
  "timestamp": "2024-05-14T06:34:52.300Z",
  "level": "info",
  "message": "All appointments retrieved successfully."
}
{
  "timestamp": "2024-05-14T06:35:16.750Z",
  "level": "info",
  "message": "All appointments retrieved successfully."
}
{
  "timestamp": "2024-05-14T06:35:16.913Z",
  "level": "info",
  "message": "All appointments retrieved successfully."
}
{
  "timestamp": "2024-05-14T06:36:49.522Z",
  "level": "info",
  "message": "All appointments retrieved successfully."
}
{
  "timestamp": "2024-05-14T06:36:49.646Z",
  "level": "info",
  "message": "All appointments retrieved successfully."
}
{
  "timestamp": "2024-05-14T06:37:06.391Z",
  "level": "info",
  "message": "Clients retrieved successfully:"
}
{
  "timestamp": "2024-05-14T06:37:07.138Z",
  "level": "info",
  "message": "Clients retrieved successfully:"
}
{
  "timestamp": "2024-05-14T06:37:07.561Z",
  "level": "info",
  "message": "All appointments retrieved successfully."
}
{
  "timestamp": "2024-05-14T06:37:07.688Z",
  "level": "info",
  "message": "All appointments retrieved successfully."
}
{
  "timestamp": "2024-05-14T06:37:30.140Z",
  "level": "info",
  "message": "Clients retrieved successfully:"
}
{
  "timestamp": "2024-05-14T06:37:30.786Z",
  "level": "info",
  "message": "Clients retrieved successfully:"
}
{
  "timestamp": "2024-05-14T06:37:33.184Z",
  "level": "info",
  "message": "All appointments retrieved successfully."
}
{
  "timestamp": "2024-05-14T06:37:33.308Z",
  "level": "info",
  "message": "All appointments retrieved successfully."
}
{
  "timestamp": "2024-05-14T06:37:54.922Z",
  "level": "info",
  "message": "Clients retrieved successfully:"
}
{
  "timestamp": "2024-05-14T06:37:55.593Z",
  "level": "info",
  "message": "Clients retrieved successfully:"
}
{
  "timestamp": "2024-05-14T06:37:58.158Z",
  "level": "info",
  "message": "All appointments retrieved successfully."
}
{
  "timestamp": "2024-05-14T06:37:58.283Z",
  "level": "info",
  "message": "All appointments retrieved successfully."
}
{
  "timestamp": "2024-05-14T06:39:38.825Z",
  "level": "info",
  "message": "All appointments retrieved successfully."
}
{
  "timestamp": "2024-05-14T06:39:38.964Z",
  "level": "info",
  "message": "All appointments retrieved successfully."
}
{
  "timestamp": "2024-05-14T06:40:50.357Z",
  "level": "info",
  "message": "All appointments retrieved successfully."
}
{
  "timestamp": "2024-05-14T06:40:50.484Z",
  "level": "info",
  "message": "All appointments retrieved successfully."
}
{
  "timestamp": "2024-05-14T06:41:52.393Z",
  "level": "info",
  "message": "Clients retrieved successfully:"
}
{
  "timestamp": "2024-05-14T06:41:53.029Z",
  "level": "info",
  "message": "Clients retrieved successfully:"
}
{
  "timestamp": "2024-05-14T06:41:55.902Z",
  "level": "info",
  "message": "All appointments retrieved successfully."
}
{
  "timestamp": "2024-05-14T06:41:56.032Z",
  "level": "info",
  "message": "All appointments retrieved successfully."
}
{
  "timestamp": "2024-05-14T06:45:31.986Z",
  "level": "info",
  "message": "All appointments retrieved successfully."
}
{
  "timestamp": "2024-05-14T06:45:32.116Z",
  "level": "info",
  "message": "All appointments retrieved successfully."
}
{
  "timestamp": "2024-05-14T06:50:52.510Z",
  "level": "info",
  "message": "All appointments retrieved successfully."
}
{
  "timestamp": "2024-05-14T07:37:21.788Z",
  "level": "info",
  "message": "Clients retrieved successfully:"
}
{
  "timestamp": "2024-05-14T07:37:22.650Z",
  "level": "info",
  "message": "Clients retrieved successfully:"
}
{
  "timestamp": "2024-05-14T07:37:26.682Z",
  "level": "info",
  "message": "All appointments retrieved successfully."
}
{
  "timestamp": "2024-05-14T07:37:26.822Z",
  "level": "info",
  "message": "All appointments retrieved successfully."
}
{
  "timestamp": "2024-05-14T07:37:39.531Z",
  "level": "info",
  "message": "Appointment rejected successfully:"
}
{
  "timestamp": "2024-05-14T07:37:42.608Z",
  "level": "info",
  "message": "Clients retrieved successfully:"
}
{
  "timestamp": "2024-05-14T07:37:43.562Z",
  "level": "info",
  "message": "Clients retrieved successfully:"
}
{
  "timestamp": "2024-05-14T07:37:44.367Z",
  "level": "info",
  "message": "All appointments retrieved successfully."
}
{
  "timestamp": "2024-05-14T07:37:44.499Z",
  "level": "info",
  "message": "All appointments retrieved successfully."
}
{
  "timestamp": "2024-05-14T07:37:50.172Z",
  "level": "info",
  "message": "Appointment accepted successfully:"
}
{
  "timestamp": "2024-05-14T07:37:52.665Z",
  "level": "info",
  "message": "Clients retrieved successfully:"
}
{
  "timestamp": "2024-05-14T07:37:53.590Z",
  "level": "info",
  "message": "Clients retrieved successfully:"
}
{
  "timestamp": "2024-05-14T07:37:54.302Z",
  "level": "info",
  "message": "All appointments retrieved successfully."
}
{
  "timestamp": "2024-05-14T07:37:54.444Z",
  "level": "info",
  "message": "All appointments retrieved successfully."
}
{
  "timestamp": "2024-05-14T07:42:13.649Z",
  "level": "info",
  "message": "All appointments retrieved successfully."
}
{
  "timestamp": "2024-05-14T07:42:19.480Z",
  "level": "info",
  "message": "Appointment rejected successfully:"
}
{
  "timestamp": "2024-05-14T07:52:32.611Z",
  "level": "info",
  "message": "Appointment rejected successfully:"
}
{
  "timestamp": "2024-05-14T07:52:36.252Z",
  "level": "info",
  "message": "Clients retrieved successfully:"
}
{
  "timestamp": "2024-05-14T07:52:37.289Z",
  "level": "info",
  "message": "Clients retrieved successfully:"
}
{
  "timestamp": "2024-05-14T07:52:38.216Z",
  "level": "info",
  "message": "All appointments retrieved successfully."
}
{
  "timestamp": "2024-05-14T07:52:38.352Z",
  "level": "info",
  "message": "All appointments retrieved successfully."
}
{
  "timestamp": "2024-05-14T07:52:43.692Z",
  "level": "info",
  "message": "Appointment accepted successfully:"
}
{
  "timestamp": "2024-05-14T07:58:00.542Z",
  "level": "info",
  "message": "All appointments retrieved successfully."
}
{
  "timestamp": "2024-05-14T08:02:56.405Z",
  "level": "info",
  "message": "All appointments retrieved successfully."
}
{
  "timestamp": "2024-05-14T08:09:19.456Z",
  "level": "info",
  "message": "All appointments retrieved successfully."
}
{
  "timestamp": "2024-05-14T08:09:19.783Z",
  "level": "info",
  "message": "Appointment accepted successfully:"
}
{
  "timestamp": "2024-05-14T08:09:25.055Z",
  "level": "info",
  "message": "Clients retrieved successfully:"
}
{
  "timestamp": "2024-05-14T08:09:25.821Z",
  "level": "info",
  "message": "Clients retrieved successfully:"
}
{
  "timestamp": "2024-05-14T08:09:26.420Z",
  "level": "info",
  "message": "All appointments retrieved successfully."
}
{
  "timestamp": "2024-05-14T08:09:26.591Z",
  "level": "info",
  "message": "All appointments retrieved successfully."
}
{
  "timestamp": "2024-05-14T08:09:32.843Z",
  "level": "info",
  "message": "All appointments retrieved successfully."
}
{
  "timestamp": "2024-05-14T08:09:33.166Z",
  "level": "info",
  "message": "Appointment rejected successfully:"
}
{
  "timestamp": "2024-05-14T08:09:36.374Z",
  "level": "info",
  "message": "Clients retrieved successfully:"
}
{
  "timestamp": "2024-05-14T08:09:37.363Z",
  "level": "info",
  "message": "All appointments retrieved successfully."
}
{
  "timestamp": "2024-05-14T08:09:37.423Z",
  "level": "info",
  "message": "Clients retrieved successfully:"
}
{
  "timestamp": "2024-05-14T08:09:38.379Z",
  "level": "info",
  "message": "All appointments retrieved successfully."
}
{
  "timestamp": "2024-05-14T08:46:56.323Z",
  "level": "info",
  "message": "Clients retrieved successfully:"
}
{
  "timestamp": "2024-05-14T08:46:57.433Z",
  "level": "info",
  "message": "Clients retrieved successfully:"
}
{
  "timestamp": "2024-05-14T08:47:26.911Z",
  "level": "info",
  "message": "All appointments retrieved successfully."
}
{
  "timestamp": "2024-05-14T08:47:27.042Z",
  "level": "info",
  "message": "All appointments retrieved successfully."
}
{
  "timestamp": "2024-05-14T08:47:28.337Z",
  "level": "info",
  "message": "Clients retrieved successfully:"
}
{
  "timestamp": "2024-05-14T08:47:29.163Z",
  "level": "info",
  "message": "Clients retrieved successfully:"
}
{
  "timestamp": "2024-05-14T08:47:32.673Z",
  "level": "info",
  "message": "All appointments retrieved successfully."
}
{
  "timestamp": "2024-05-14T08:47:32.797Z",
  "level": "info",
  "message": "All appointments retrieved successfully."
}
{
  "timestamp": "2024-05-14T08:47:38.945Z",
  "level": "info",
  "message": "All appointments retrieved successfully."
}
{
  "timestamp": "2024-05-14T08:47:39.200Z",
  "level": "info",
  "message": "Appointment accepted successfully:"
}
{
  "timestamp": "2024-05-14T08:50:29.699Z",
  "level": "info",
  "message": "All appointments retrieved successfully."
}
{
  "timestamp": "2024-05-14T08:50:35.331Z",
  "level": "info",
  "message": "All appointments retrieved successfully."
}
{
  "timestamp": "2024-05-14T08:50:35.534Z",
  "level": "info",
  "message": "All appointments retrieved successfully."
}
{
  "timestamp": "2024-05-14T08:50:35.803Z",
  "level": "info",
  "message": "Appointment accepted successfully:"
}
{
  "timestamp": "2024-05-14T08:50:42.040Z",
  "level": "info",
  "message": "All appointments retrieved successfully."
}
{
  "timestamp": "2024-05-14T08:50:42.285Z",
  "level": "info",
  "message": "All appointments retrieved successfully."
}
{
  "timestamp": "2024-05-14T08:50:47.462Z",
  "level": "info",
  "message": "All appointments retrieved successfully."
}
{
  "timestamp": "2024-05-14T08:50:47.599Z",
  "level": "info",
  "message": "All appointments retrieved successfully."
}
{
  "timestamp": "2024-05-14T08:50:50.514Z",
  "level": "info",
  "message": "Clients retrieved successfully:"
}
{
  "timestamp": "2024-05-14T08:50:51.083Z",
  "level": "info",
  "message": "All appointments retrieved successfully."
}
{
  "timestamp": "2024-05-14T08:50:51.307Z",
  "level": "info",
  "message": "Clients retrieved successfully:"
}
{
  "timestamp": "2024-05-14T08:50:51.865Z",
  "level": "info",
  "message": "All appointments retrieved successfully."
}
{
  "timestamp": "2024-05-14T08:50:58.883Z",
  "level": "info",
  "message": "All appointments retrieved successfully."
}
{
  "timestamp": "2024-05-14T08:50:59.024Z",
  "level": "info",
  "message": "All appointments retrieved successfully."
}
{
  "timestamp": "2024-05-14T08:51:09.685Z",
  "level": "info",
  "message": "All appointments retrieved successfully."
}
{
  "timestamp": "2024-05-14T08:51:09.954Z",
  "level": "info",
  "message": "All appointments retrieved successfully."
}
{
  "timestamp": "2024-05-14T08:51:10.662Z",
  "level": "info",
  "message": "Appointment rejected successfully:"
}
{
  "timestamp": "2024-05-14T08:51:15.490Z",
  "level": "info",
  "message": "Clients retrieved successfully:"
}
{
  "timestamp": "2024-05-14T08:51:16.338Z",
  "level": "info",
  "message": "Clients retrieved successfully:"
}
{
  "timestamp": "2024-05-14T08:51:16.875Z",
  "level": "info",
  "message": "All appointments retrieved successfully."
}
{
  "timestamp": "2024-05-14T08:51:16.999Z",
  "level": "info",
  "message": "All appointments retrieved successfully."
}
{
  "timestamp": "2024-05-14T08:52:07.733Z",
  "level": "info",
  "message": "All appointments retrieved successfully."
}
{
  "timestamp": "2024-05-14T08:52:08.258Z",
  "level": "info",
  "message": "All appointments retrieved successfully."
}
{
  "timestamp": "2024-05-14T08:52:36.549Z",
  "level": "info",
  "message": "All appointments retrieved successfully."
}
{
  "timestamp": "2024-05-14T08:52:37.000Z",
  "level": "info",
  "message": "All appointments retrieved successfully."
}
{
  "timestamp": "2024-05-14T08:52:38.579Z",
  "level": "info",
  "message": "Clients retrieved successfully:"
}
{
  "timestamp": "2024-05-14T08:52:39.115Z",
  "level": "info",
  "message": "All appointments retrieved successfully."
}
{
  "timestamp": "2024-05-14T08:52:39.558Z",
  "level": "info",
  "message": "Appointment pending successfully:"
}
{
  "timestamp": "2024-05-14T08:52:39.843Z",
  "level": "info",
  "message": "Clients retrieved successfully:"
}
{
  "timestamp": "2024-05-14T08:52:40.335Z",
  "level": "info",
  "message": "All appointments retrieved successfully."
}
{
  "timestamp": "2024-05-14T08:52:46.292Z",
  "level": "info",
  "message": "All appointments retrieved successfully."
}
{
  "timestamp": "2024-05-14T08:52:46.729Z",
  "level": "info",
  "message": "All appointments retrieved successfully."
}
{
  "timestamp": "2024-05-14T08:52:52.588Z",
  "level": "info",
  "message": "Appointment deleted successfully:"
}
{
  "timestamp": "2024-05-14T08:52:55.461Z",
  "level": "info",
  "message": "Clients retrieved successfully:"
}
{
  "timestamp": "2024-05-14T08:52:56.760Z",
  "level": "info",
  "message": "Clients retrieved successfully:"
}
{
  "timestamp": "2024-05-14T08:52:57.332Z",
  "level": "info",
  "message": "All appointments retrieved successfully."
}
{
  "timestamp": "2024-05-14T08:52:57.779Z",
  "level": "info",
  "message": "All appointments retrieved successfully."
}
{
  "timestamp": "2024-05-14T08:53:03.353Z",
  "level": "info",
  "message": "Clients retrieved successfully:"
}
{
  "timestamp": "2024-05-14T08:53:04.603Z",
  "level": "info",
  "message": "Clients retrieved successfully:"
}
{
  "timestamp": "2024-05-14T08:53:15.337Z",
  "level": "info",
  "message": "All appointments retrieved successfully."
}
{
  "timestamp": "2024-05-14T08:53:15.828Z",
  "level": "info",
  "message": "All appointments retrieved successfully."
}
{
  "timestamp": "2024-05-14T09:35:10.086Z",
  "level": "info",
  "message": "Appointments retrieved successfully for user ID:"
}
{
  "timestamp": "2024-05-14T09:48:32.898Z",
  "level": "info",
  "message": "Appointments retrieved successfully for user ID:"
}
{
  "timestamp": "2024-05-14T09:48:52.716Z",
  "level": "info",
  "message": "Cases with additional user data retrieved successfully."
}
{
  "timestamp": "2024-05-14T09:54:20.654Z",
  "level": "info",
  "message": "Clients retrieved successfully:"
}
{
  "timestamp": "2024-05-14T09:54:21.614Z",
  "level": "info",
  "message": "Clients retrieved successfully:"
}
{
  "timestamp": "2024-05-14T09:55:50.072Z",
  "level": "info",
  "message": "Clients retrieved successfully:"
}
{
  "timestamp": "2024-05-14T09:55:50.965Z",
  "level": "info",
  "message": "Clients retrieved successfully:"
}
{
  "timestamp": "2024-05-14T09:55:51.895Z",
  "level": "info",
  "message": "Clients retrieved successfully:"
}
{
  "timestamp": "2024-05-14T09:55:52.897Z",
  "level": "info",
  "message": "Clients retrieved successfully:"
}
{
  "timestamp": "2024-05-14T10:00:36.554Z",
  "level": "info",
  "message": "Cases with additional user data retrieved successfully."
}
{
  "timestamp": "2024-05-14T10:00:36.879Z",
  "level": "info",
  "message": "Cases with additional user data retrieved successfully."
}
{
  "timestamp": "2024-05-14T10:01:19.590Z",
  "level": "info",
  "message": "Cases with additional user data retrieved successfully."
}
{
  "timestamp": "2024-05-14T10:02:51.714Z",
  "level": "info",
  "message": "Cases with additional user data retrieved successfully."
}
{
  "timestamp": "2024-05-14T10:02:51.969Z",
  "level": "info",
  "message": "Cases with additional user data retrieved successfully."
}
{
  "timestamp": "2024-05-14T10:03:22.154Z",
  "level": "info",
  "message": "Cases with additional user data retrieved successfully."
}
{
  "timestamp": "2024-05-14T10:03:22.474Z",
  "level": "info",
  "message": "Cases with additional user data retrieved successfully."
}
{
  "timestamp": "2024-05-14T10:03:23.191Z",
  "level": "info",
  "message": "All appointments retrieved successfully."
}
{
  "timestamp": "2024-05-14T10:03:23.315Z",
  "level": "info",
  "message": "All appointments retrieved successfully."
}
{
  "timestamp": "2024-05-14T10:03:24.133Z",
  "level": "info",
  "message": "Clients retrieved successfully:"
}
{
  "timestamp": "2024-05-14T10:03:25.123Z",
  "level": "info",
  "message": "Clients retrieved successfully:"
}
{
  "timestamp": "2024-05-14T10:03:27.042Z",
  "level": "info",
  "message": "All appointments retrieved successfully."
}
{
  "timestamp": "2024-05-14T10:03:27.201Z",
  "level": "info",
  "message": "All appointments retrieved successfully."
}
{
  "timestamp": "2024-05-14T10:03:29.307Z",
  "level": "info",
  "message": "Cases with additional user data retrieved successfully."
}
{
  "timestamp": "2024-05-14T10:03:29.605Z",
  "level": "info",
  "message": "Cases with additional user data retrieved successfully."
}
{
  "timestamp": "2024-05-14T10:09:11.152Z",
  "level": "info",
  "message": "Cases with additional user data retrieved successfully."
}
{
  "timestamp": "2024-05-14T10:09:11.389Z",
  "level": "info",
  "message": "Cases with additional user data retrieved successfully."
}
{
  "timestamp": "2024-05-14T10:09:12.925Z",
  "level": "info",
  "message": "All appointments retrieved successfully."
}
{
  "timestamp": "2024-05-14T10:09:13.131Z",
  "level": "info",
  "message": "All appointments retrieved successfully."
}
{
  "timestamp": "2024-05-14T10:09:14.038Z",
  "level": "info",
  "message": "Clients retrieved successfully:"
}
{
  "timestamp": "2024-05-14T10:09:14.892Z",
  "level": "info",
  "message": "All appointments retrieved successfully."
}
{
  "timestamp": "2024-05-14T10:09:15.020Z",
  "level": "info",
  "message": "Clients retrieved successfully:"
}
{
  "timestamp": "2024-05-14T10:09:15.865Z",
  "level": "info",
  "message": "All appointments retrieved successfully."
}
{
  "timestamp": "2024-05-14T10:09:16.114Z",
  "level": "info",
  "message": "Cases with additional user data retrieved successfully."
}
{
  "timestamp": "2024-05-14T10:09:16.403Z",
  "level": "info",
  "message": "Cases with additional user data retrieved successfully."
}
{
  "timestamp": "2024-05-14T10:09:40.187Z",
  "level": "info",
  "message": "All appointments retrieved successfully."
}
{
  "timestamp": "2024-05-14T10:09:40.305Z",
  "level": "info",
  "message": "All appointments retrieved successfully."
}
{
  "timestamp": "2024-05-14T10:09:45.851Z",
  "level": "info",
  "message": "Clients retrieved successfully:"
}
{
  "timestamp": "2024-05-14T10:09:46.918Z",
  "level": "info",
  "message": "Clients retrieved successfully:"
}
{
  "timestamp": "2024-05-14T10:10:04.946Z",
  "level": "info",
  "message": "All appointments retrieved successfully."
}
{
  "timestamp": "2024-05-14T10:10:05.079Z",
  "level": "info",
  "message": "All appointments retrieved successfully."
}
{
  "timestamp": "2024-05-14T10:10:07.714Z",
  "level": "info",
  "message": "Cases with additional user data retrieved successfully."
}
{
  "timestamp": "2024-05-14T10:10:08.136Z",
  "level": "info",
  "message": "Cases with additional user data retrieved successfully."
}
{
  "timestamp": "2024-05-14T10:10:08.602Z",
  "level": "info",
  "message": "All appointments retrieved successfully."
}
{
  "timestamp": "2024-05-14T10:10:08.726Z",
  "level": "info",
  "message": "All appointments retrieved successfully."
}
{
  "timestamp": "2024-05-14T10:10:10.495Z",
  "level": "info",
  "message": "Appointment deleted successfully:"
}
{
  "timestamp": "2024-05-14T10:10:12.483Z",
  "level": "info",
  "message": "Cases with additional user data retrieved successfully."
}
{
  "timestamp": "2024-05-14T10:10:12.756Z",
  "level": "info",
  "message": "Cases with additional user data retrieved successfully."
}
{
  "timestamp": "2024-05-14T10:10:13.277Z",
  "level": "info",
  "message": "All appointments retrieved successfully."
}
{
  "timestamp": "2024-05-14T10:10:13.397Z",
  "level": "info",
  "message": "All appointments retrieved successfully."
}
{
  "timestamp": "2024-05-14T10:10:14.477Z",
  "level": "info",
  "message": "Cases with additional user data retrieved successfully."
}
{
  "timestamp": "2024-05-14T10:10:14.730Z",
  "level": "info",
  "message": "Cases with additional user data retrieved successfully."
}
{
  "timestamp": "2024-05-14T10:10:16.455Z",
  "level": "info",
  "message": "Cases with additional user data retrieved successfully."
}
{
  "timestamp": "2024-05-14T10:10:16.731Z",
  "level": "info",
  "message": "Cases with additional user data retrieved successfully."
}
{
  "timestamp": "2024-05-14T10:10:47.219Z",
  "level": "info",
  "message": "Admins retrieved successfully"
}
{
  "timestamp": "2024-05-14T10:10:47.344Z",
  "level": "info",
  "message": "Admins retrieved successfully"
}
{
  "timestamp": "2024-05-14T10:11:07.991Z",
  "level": "info",
  "message": "Clients retrieved successfully:"
}
{
  "timestamp": "2024-05-14T10:11:08.997Z",
  "level": "info",
  "message": "Clients retrieved successfully:"
}
{
  "timestamp": "2024-05-14T10:11:18.163Z",
  "level": "info",
  "message": "All appointments retrieved successfully."
}
{
  "timestamp": "2024-05-14T10:11:18.278Z",
  "level": "info",
  "message": "All appointments retrieved successfully."
}
{
  "timestamp": "2024-05-14T10:11:19.233Z",
  "level": "info",
  "message": "Clients retrieved successfully:"
}
{
  "timestamp": "2024-05-14T10:11:20.106Z",
  "level": "info",
  "message": "All appointments retrieved successfully."
}
{
  "timestamp": "2024-05-14T10:11:20.182Z",
  "level": "info",
  "message": "Clients retrieved successfully:"
}
{
  "timestamp": "2024-05-14T10:11:20.955Z",
  "level": "info",
  "message": "All appointments retrieved successfully."
}
{
  "timestamp": "2024-05-14T10:11:21.139Z",
  "level": "info",
  "message": "Clients retrieved successfully:"
}
{
  "timestamp": "2024-05-14T10:11:22.037Z",
  "level": "info",
  "message": "All appointments retrieved successfully."
}
{
  "timestamp": "2024-05-14T10:11:22.238Z",
  "level": "info",
  "message": "Clients retrieved successfully:"
}
{
  "timestamp": "2024-05-14T10:11:23.003Z",
  "level": "info",
  "message": "All appointments retrieved successfully."
}
{
  "timestamp": "2024-05-14T10:11:23.197Z",
  "level": "info",
  "message": "Cases with additional user data retrieved successfully."
}
{
  "timestamp": "2024-05-14T10:11:23.465Z",
  "level": "info",
  "message": "Cases with additional user data retrieved successfully."
}
{
  "timestamp": "2024-05-14T10:11:28.860Z",
  "level": "info",
  "message": "Cases with additional user data retrieved successfully."
}
{
  "timestamp": "2024-05-14T10:11:29.130Z",
  "level": "info",
  "message": "Cases with additional user data retrieved successfully."
}
{
  "timestamp": "2024-05-14T10:11:29.300Z",
  "level": "info",
  "message": "All appointments retrieved successfully."
}
{
  "timestamp": "2024-05-14T10:11:29.418Z",
  "level": "info",
  "message": "All appointments retrieved successfully."
}
{
  "timestamp": "2024-05-14T10:11:41.301Z",
  "level": "info",
  "message": "Cases with additional user data retrieved successfully."
}
{
  "timestamp": "2024-05-14T10:11:41.564Z",
  "level": "info",
  "message": "Cases with additional user data retrieved successfully."
}
{
  "timestamp": "2024-05-14T10:12:16.411Z",
  "level": "info",
  "message": "All appointments retrieved successfully."
}
{
  "timestamp": "2024-05-14T10:12:16.551Z",
  "level": "info",
  "message": "All appointments retrieved successfully."
}
{
  "timestamp": "2024-05-14T10:14:48.676Z",
  "level": "info",
  "message": "Clients retrieved successfully:"
}
{
  "timestamp": "2024-05-14T10:14:49.650Z",
  "level": "info",
  "message": "Clients retrieved successfully:"
}
{
  "timestamp": "2024-05-14T10:14:54.531Z",
  "level": "info",
  "message": "All appointments retrieved successfully."
}
{
  "timestamp": "2024-05-14T10:14:54.649Z",
  "level": "info",
  "message": "All appointments retrieved successfully."
}
{
  "timestamp": "2024-05-14T10:14:55.599Z",
  "level": "info",
  "message": "Cases with additional user data retrieved successfully."
}
{
  "timestamp": "2024-05-14T10:14:55.847Z",
  "level": "info",
  "message": "Cases with additional user data retrieved successfully."
}
{
  "timestamp": "2024-05-14T10:14:58.131Z",
  "level": "info",
  "message": "Cases with additional user data retrieved successfully."
}
{
  "timestamp": "2024-05-14T10:14:58.434Z",
  "level": "info",
  "message": "Cases with additional user data retrieved successfully."
}
{
  "timestamp": "2024-05-14T10:15:17.799Z",
  "level": "info",
  "message": "Cases with additional user data retrieved successfully."
}
{
  "timestamp": "2024-05-14T10:15:18.117Z",
  "level": "info",
  "message": "Cases with additional user data retrieved successfully."
}
{
  "timestamp": "2024-05-14T10:15:20.746Z",
  "level": "info",
  "message": "All appointments retrieved successfully."
}
{
  "timestamp": "2024-05-14T10:15:20.950Z",
  "level": "info",
  "message": "All appointments retrieved successfully."
}
{
  "timestamp": "2024-05-14T10:15:21.397Z",
  "level": "info",
  "message": "Cases with additional user data retrieved successfully."
}
{
  "timestamp": "2024-05-14T10:15:21.684Z",
  "level": "info",
  "message": "Cases with additional user data retrieved successfully."
}
{
  "timestamp": "2024-05-14T10:15:28.495Z",
  "level": "info",
  "message": "Cases with additional user data retrieved successfully."
}
{
  "timestamp": "2024-05-14T10:15:28.853Z",
  "level": "info",
  "message": "Cases with additional user data retrieved successfully."
}
{
  "timestamp": "2024-05-14T10:16:31.203Z",
  "level": "info",
  "message": "Reports retrieved successfully"
}
{
  "timestamp": "2024-05-14T10:26:54.100Z",
  "level": "info",
  "message": "Reports retrieved successfully"
}
{
  "timestamp": "2024-05-14T10:26:54.287Z",
  "level": "info",
  "message": "Reports retrieved successfully"
}
{
  "timestamp": "2024-05-14T10:30:08.208Z",
  "level": "info",
  "message": "Cases with additional user data retrieved successfully."
}
{
  "timestamp": "2024-05-14T10:30:08.472Z",
  "level": "info",
  "message": "Cases with additional user data retrieved successfully."
}
{
  "timestamp": "2024-05-14T10:30:08.635Z",
  "level": "info",
  "message": "Reports retrieved successfully"
}
{
  "timestamp": "2024-05-14T10:30:08.751Z",
  "level": "info",
  "message": "Reports retrieved successfully"
}
{
  "timestamp": "2024-05-14T10:36:56.437Z",
  "level": "info",
  "message": "Cases with additional user data retrieved successfully."
}
{
  "timestamp": "2024-05-14T10:36:56.731Z",
  "level": "info",
  "message": "Cases with additional user data retrieved successfully."
}
{
  "timestamp": "2024-05-14T10:36:57.526Z",
  "level": "info",
  "message": "Reports retrieved successfully"
}
{
  "timestamp": "2024-05-14T10:36:57.641Z",
  "level": "info",
  "message": "Reports retrieved successfully"
}
{
  "timestamp": "2024-05-14T10:37:05.394Z",
  "level": "info",
  "message": "Cases with additional user data retrieved successfully."
}
{
  "timestamp": "2024-05-14T10:37:05.630Z",
  "level": "info",
  "message": "Cases with additional user data retrieved successfully."
}
{
  "timestamp": "2024-05-14T10:37:06.008Z",
  "level": "info",
  "message": "Reports retrieved successfully"
}
{
  "timestamp": "2024-05-14T10:37:06.138Z",
  "level": "info",
  "message": "Reports retrieved successfully"
}
{
  "timestamp": "2024-05-14T10:37:06.922Z",
  "level": "info",
  "message": "All appointments retrieved successfully."
}
{
  "timestamp": "2024-05-14T10:37:07.038Z",
  "level": "info",
  "message": "All appointments retrieved successfully."
}
{
  "timestamp": "2024-05-14T10:37:07.690Z",
  "level": "info",
  "message": "Clients retrieved successfully:"
}
{
  "timestamp": "2024-05-14T10:37:08.280Z",
  "level": "info",
  "message": "Clients retrieved successfully:"
}
{
  "timestamp": "2024-05-14T10:37:09.253Z",
  "level": "info",
  "message": "All appointments retrieved successfully."
}
{
  "timestamp": "2024-05-14T10:37:09.441Z",
  "level": "info",
  "message": "All appointments retrieved successfully."
}
{
  "timestamp": "2024-05-14T10:37:10.601Z",
  "level": "info",
  "message": "Cases with additional user data retrieved successfully."
}
{
  "timestamp": "2024-05-14T10:37:10.828Z",
  "level": "info",
  "message": "Cases with additional user data retrieved successfully."
}
{
  "timestamp": "2024-05-14T10:37:11.286Z",
  "level": "info",
  "message": "Reports retrieved successfully"
}
{
  "timestamp": "2024-05-14T10:37:11.401Z",
  "level": "info",
  "message": "Reports retrieved successfully"
}
{
  "timestamp": "2024-05-14T10:37:13.179Z",
  "level": "info",
  "message": "Reports retrieved successfully"
}
{
  "timestamp": "2024-05-14T10:37:13.316Z",
  "level": "info",
  "message": "Reports retrieved successfully"
}
{
  "timestamp": "2024-05-14T10:44:04.270Z",
  "level": "info",
  "message": "Cases with additional user data retrieved successfully."
}
{
  "timestamp": "2024-05-14T10:44:04.551Z",
  "level": "info",
  "message": "Cases with additional user data retrieved successfully."
}
{
  "timestamp": "2024-05-14T10:44:04.805Z",
  "level": "info",
  "message": "Reports retrieved successfully"
}
{
  "timestamp": "2024-05-14T10:44:04.944Z",
  "level": "info",
  "message": "Reports retrieved successfully"
}
{
  "timestamp": "2024-05-14T10:45:23.017Z",
  "level": "info",
  "message": "Reports retrieved successfully"
}
{
  "timestamp": "2024-05-14T10:45:31.558Z",
  "level": "info",
  "message": "Report deleted successfully"
}
{
  "timestamp": "2024-05-14T10:45:33.809Z",
  "level": "info",
  "message": "Cases with additional user data retrieved successfully."
}
{
  "timestamp": "2024-05-14T10:45:34.043Z",
  "level": "info",
  "message": "Cases with additional user data retrieved successfully."
}
{
  "timestamp": "2024-05-14T10:45:34.235Z",
  "level": "info",
  "message": "Reports retrieved successfully"
}
{
  "timestamp": "2024-05-14T10:45:34.348Z",
  "level": "info",
  "message": "Reports retrieved successfully"
}
{
  "timestamp": "2024-05-14T10:45:36.458Z",
  "level": "info",
  "message": "Report deleted successfully"
}
{
  "timestamp": "2024-05-14T10:45:48.064Z",
  "level": "info",
  "message": "Cases with additional user data retrieved successfully."
}
{
  "timestamp": "2024-05-14T10:45:48.316Z",
  "level": "info",
  "message": "Cases with additional user data retrieved successfully."
}
{
  "timestamp": "2024-05-14T10:45:52.974Z",
  "level": "info",
  "message": "Clients retrieved successfully:"
}
{
  "timestamp": "2024-05-14T10:45:53.593Z",
  "level": "info",
  "message": "Clients retrieved successfully:"
}
{
  "timestamp": "2024-05-14T10:45:55.466Z",
  "level": "info",
  "message": "All appointments retrieved successfully."
}
{
  "timestamp": "2024-05-14T10:45:55.578Z",
  "level": "info",
  "message": "All appointments retrieved successfully."
}
{
  "timestamp": "2024-05-14T10:45:56.435Z",
  "level": "info",
  "message": "Cases with additional user data retrieved successfully."
}
{
  "timestamp": "2024-05-14T10:45:56.662Z",
  "level": "info",
  "message": "Cases with additional user data retrieved successfully."
}
{
  "timestamp": "2024-05-14T10:45:57.180Z",
  "level": "info",
  "message": "Clients retrieved successfully:"
}
{
  "timestamp": "2024-05-14T10:45:57.710Z",
  "level": "info",
  "message": "Clients retrieved successfully:"
}
{
  "timestamp": "2024-05-14T10:46:00.973Z",
  "level": "info",
  "message": "Cases with additional user data retrieved successfully."
}
{
  "timestamp": "2024-05-14T10:46:01.207Z",
  "level": "info",
  "message": "Cases with additional user data retrieved successfully."
}
{
  "timestamp": "2024-05-14T10:46:02.445Z",
  "level": "info",
  "message": "Clients retrieved successfully:"
}
{
  "timestamp": "2024-05-14T10:46:03.042Z",
  "level": "info",
  "message": "Clients retrieved successfully:"
}
{
  "timestamp": "2024-05-14T10:47:22.637Z",
  "level": "info",
  "message": "All appointments retrieved successfully."
}
{
  "timestamp": "2024-05-14T10:47:22.750Z",
  "level": "info",
  "message": "All appointments retrieved successfully."
}
{
  "timestamp": "2024-05-14T10:47:25.047Z",
  "level": "info",
  "message": "Clients retrieved successfully:"
}
{
  "timestamp": "2024-05-14T10:47:25.474Z",
  "level": "info",
  "message": "Clients retrieved successfully:"
}
{
  "timestamp": "2024-05-14T10:48:10.674Z",
  "level": "info",
  "message": "Admins retrieved successfully"
}
{
  "timestamp": "2024-05-14T10:48:10.792Z",
  "level": "info",
  "message": "Admins retrieved successfully"
}
{
  "timestamp": "2024-05-14T10:48:20.997Z",
  "level": "info",
  "message": "Admins retrieved successfully"
}
{
  "timestamp": "2024-05-14T10:48:21.119Z",
  "level": "info",
  "message": "Admins retrieved successfully"
}
{
  "timestamp": "2024-05-14T10:51:48.864Z",
  "level": "info",
  "message": "Reports retrieved successfully"
}
{
  "timestamp": "2024-05-14T10:51:48.978Z",
  "level": "info",
  "message": "Reports retrieved successfully"
}
{
  "timestamp": "2024-05-14T10:52:35.827Z",
  "level": "info",
  "message": "Cases with additional user data retrieved successfully."
}
{
  "timestamp": "2024-05-14T10:52:36.055Z",
  "level": "info",
  "message": "Cases with additional user data retrieved successfully."
}
{
  "timestamp": "2024-05-14T11:09:12.330Z",
  "level": "info",
  "message": "Admins retrieved successfully"
}
{
  "timestamp": "2024-05-14T11:09:12.467Z",
  "level": "info",
  "message": "Admins retrieved successfully"
}
{
  "timestamp": "2024-05-14T11:09:14.362Z",
  "level": "info",
  "message": "Admins retrieved successfully"
}
{
  "timestamp": "2024-05-14T11:09:14.478Z",
  "level": "info",
  "message": "Admins retrieved successfully"
}
{
  "timestamp": "2024-05-14T11:29:53.168Z",
  "level": "info",
  "message": "Admins retrieved successfully"
}
{
  "timestamp": "2024-05-14T11:29:53.303Z",
  "level": "info",
  "message": "Admins retrieved successfully"
}
{
  "timestamp": "2024-05-14T11:29:56.125Z",
  "level": "info",
  "message": "Clients retrieved successfully:"
}
{
  "timestamp": "2024-05-14T11:29:56.841Z",
  "level": "info",
  "message": "Clients retrieved successfully:"
}
{
  "timestamp": "2024-05-14T11:29:59.206Z",
  "level": "info",
  "message": "Admins retrieved successfully"
}
{
  "timestamp": "2024-05-14T11:29:59.329Z",
  "level": "info",
  "message": "Admins retrieved successfully"
}
{
  "timestamp": "2024-05-14T11:30:01.971Z",
  "level": "error",
  "message": "Error updating admin: get is not defined"
}
{
  "timestamp": "2024-05-14T11:30:50.951Z",
  "level": "error",
  "message": "Error updating admin: set failed: value argument contains undefined in property 'admins.-NxicEBU8bObcEkqKYY3.password'"
}
{
  "timestamp": "2024-05-14T11:32:45.869Z",
  "level": "error",
  "message": "Error updating admin: set failed: value argument contains undefined in property 'admins.-NxicEBU8bObcEkqKYY3.password'"
}
{
  "timestamp": "2024-05-14T11:36:22.559Z",
  "level": "info",
  "message": "Admin updated successfully:"
}
{
  "timestamp": "2024-05-14T11:36:33.428Z",
  "level": "info",
  "message": "Admins retrieved successfully"
}
{
  "timestamp": "2024-05-14T11:36:33.723Z",
  "level": "info",
  "message": "Admins retrieved successfully"
}
{
  "timestamp": "2024-05-14T11:36:41.477Z",
  "level": "info",
  "message": "Admin updated successfully:"
}
{
  "timestamp": "2024-05-14T11:36:45.233Z",
  "level": "info",
  "message": "Admins retrieved successfully"
}
{
  "timestamp": "2024-05-14T11:36:45.346Z",
  "level": "info",
  "message": "Admins retrieved successfully"
}
{
  "timestamp": "2024-05-14T11:37:10.282Z",
  "level": "info",
  "message": "Admins retrieved successfully"
}
{
  "timestamp": "2024-05-14T11:37:10.398Z",
  "level": "info",
  "message": "Admins retrieved successfully"
}
{
  "timestamp": "2024-05-14T11:44:03.545Z",
  "level": "info",
  "message": "Admin updated successfully:"
}
{
  "timestamp": "2024-05-14T11:51:06.203Z",
  "level": "info",
  "message": "Admin updated successfully:"
}
{
  "timestamp": "2024-05-14T13:50:56.839Z",
  "level": "info",
  "message": "Admins retrieved successfully"
}
{
  "timestamp": "2024-05-14T13:50:57.344Z",
  "level": "info",
  "message": "Admins retrieved successfully"
}
{
  "timestamp": "2024-05-14T13:51:11.819Z",
  "level": "info",
  "message": "Clients retrieved successfully:"
}
{
  "timestamp": "2024-05-14T13:51:13.006Z",
  "level": "info",
  "message": "All appointments retrieved successfully."
}
{
  "timestamp": "2024-05-14T13:51:13.977Z",
  "level": "info",
  "message": "Clients retrieved successfully:"
}
{
  "timestamp": "2024-05-14T13:51:14.861Z",
  "level": "info",
  "message": "All appointments retrieved successfully."
}
{
  "timestamp": "2024-05-14T13:51:16.127Z",
  "level": "info",
  "message": "Cases with additional user data retrieved successfully."
}
{
  "timestamp": "2024-05-14T13:51:17.037Z",
  "level": "info",
  "message": "Cases with additional user data retrieved successfully."
}
{
  "timestamp": "2024-05-14T13:51:25.623Z",
  "level": "info",
  "message": "Reports retrieved successfully"
}
{
  "timestamp": "2024-05-14T13:51:26.101Z",
  "level": "info",
  "message": "Reports retrieved successfully"
}
{
  "timestamp": "2024-05-14T13:51:31.303Z",
  "level": "info",
  "message": "Admins retrieved successfully"
}
{
  "timestamp": "2024-05-14T13:51:32.074Z",
  "level": "info",
  "message": "Admins retrieved successfully"
}
{
  "timestamp": "2024-05-14T13:51:39.549Z",
  "level": "info",
  "message": "Admin updated successfully:"
}
{
  "timestamp": "2024-05-14T14:10:43.133Z",
  "level": "info",
  "message": "Admin updated successfully:"
}
{
  "timestamp": "2024-05-14T14:18:43.845Z",
  "level": "info",
  "message": "Admins retrieved successfully"
}
{
  "timestamp": "2024-05-14T14:18:44.393Z",
  "level": "info",
  "message": "Admins retrieved successfully"
}
{
  "timestamp": "2024-05-14T14:21:16.769Z",
  "level": "info",
  "message": "Admin updated successfully:"
}
{
  "timestamp": "2024-05-14T14:21:46.771Z",
  "level": "info",
  "message": "Admins retrieved successfully"
}
{
  "timestamp": "2024-05-14T14:21:47.399Z",
  "level": "info",
  "message": "Admins retrieved successfully"
}
{
  "timestamp": "2024-05-14T14:21:57.622Z",
  "level": "info",
  "message": "Admin updated successfully:"
}
{
  "timestamp": "2024-05-14T14:22:54.074Z",
  "level": "info",
  "message": "Clients retrieved successfully:"
}
{
  "timestamp": "2024-05-14T14:22:55.738Z",
  "level": "info",
  "message": "Clients retrieved successfully:"
}
{
  "timestamp": "2024-05-14T14:22:56.609Z",
  "level": "info",
  "message": "All appointments retrieved successfully."
}
{
  "timestamp": "2024-05-14T14:22:57.129Z",
  "level": "info",
  "message": "Cases with additional user data retrieved successfully."
}
{
  "timestamp": "2024-05-14T14:22:57.138Z",
  "level": "info",
  "message": "All appointments retrieved successfully."
}
{
  "timestamp": "2024-05-14T14:22:58.153Z",
  "level": "info",
  "message": "Cases with additional user data retrieved successfully."
}
{
  "timestamp": "2024-05-14T14:22:59.584Z",
  "level": "info",
  "message": "Admins retrieved successfully"
}
{
  "timestamp": "2024-05-14T14:23:00.158Z",
  "level": "info",
  "message": "Admins retrieved successfully"
}
{
  "timestamp": "2024-05-14T14:38:36.144Z",
  "level": "info",
  "message": "Admin updated successfully:"
}
{
  "timestamp": "2024-05-14T14:39:01.356Z",
  "level": "info",
  "message": "Clients retrieved successfully:"
}
{
  "timestamp": "2024-05-14T14:39:03.036Z",
  "level": "info",
  "message": "Clients retrieved successfully:"
}
{
  "timestamp": "2024-05-14T14:39:03.866Z",
  "level": "info",
  "message": "All appointments retrieved successfully."
}
{
  "timestamp": "2024-05-14T14:39:04.330Z",
  "level": "info",
  "message": "All appointments retrieved successfully."
}
{
  "timestamp": "2024-05-14T14:41:36.680Z",
  "level": "info",
  "message": "Admin updated successfully:"
}
{
  "timestamp": "2024-05-14T14:44:21.410Z",
  "level": "info",
  "message": "Admin updated successfully:"
}
{
  "timestamp": "2024-05-14T14:52:23.054Z",
  "level": "info",
  "message": "Admin updated successfully:"
}
{
  "timestamp": "2024-05-14T14:59:22.597Z",
  "level": "error",
  "message": "Error updating admin: colsole is not defined"
}
{
  "timestamp": "2024-05-14T15:01:07.373Z",
  "level": "info",
  "message": "Admin updated successfully:"
}
{
  "timestamp": "2024-05-14T15:07:56.322Z",
  "level": "info",
  "message": "Admin updated successfully:"
}
{
  "timestamp": "2024-05-14T15:10:52.502Z",
  "level": "info",
  "message": "Admin updated successfully:"
}
{
  "timestamp": "2024-05-14T15:11:00.157Z",
  "level": "info",
  "message": "Admin updated successfully:"
}
{
  "timestamp": "2024-05-14T15:13:10.888Z",
  "level": "info",
  "message": "Admin updated successfully:"
}
{
  "timestamp": "2024-05-14T15:13:13.408Z",
  "level": "info",
  "message": "Admin updated successfully:"
}
{
  "timestamp": "2024-05-14T15:37:28.529Z",
  "level": "info",
  "message": "Admins retrieved successfully"
}
{
  "timestamp": "2024-05-14T15:37:28.697Z",
  "level": "info",
  "message": "Admins retrieved successfully"
}
{
  "timestamp": "2024-05-14T15:37:34.878Z",
  "level": "info",
  "message": "Clients retrieved successfully:"
}
{
  "timestamp": "2024-05-14T15:37:36.045Z",
  "level": "info",
  "message": "Clients retrieved successfully:"
}
{
  "timestamp": "2024-05-14T15:38:01.270Z",
  "level": "info",
  "message": "Clients retrieved successfully:"
}
{
  "timestamp": "2024-05-14T15:38:02.318Z",
  "level": "info",
  "message": "Clients retrieved successfully:"
}
{
  "timestamp": "2024-05-14T15:38:16.131Z",
  "level": "info",
  "message": "Clients retrieved successfully:"
}
{
  "timestamp": "2024-05-14T15:38:16.944Z",
  "level": "info",
  "message": "Clients retrieved successfully:"
}
{
  "timestamp": "2024-05-14T15:38:20.975Z",
  "level": "info",
  "message": "Admins retrieved successfully"
}
{
  "timestamp": "2024-05-14T15:38:21.099Z",
  "level": "info",
  "message": "Admins retrieved successfully"
}
{
  "timestamp": "2024-05-14T15:38:21.695Z",
  "level": "info",
  "message": "Admins retrieved successfully"
}
{
  "timestamp": "2024-05-14T15:38:21.821Z",
  "level": "info",
  "message": "Admins retrieved successfully"
}
{
  "timestamp": "2024-05-14T16:08:24.275Z",
  "level": "info",
  "message": "Admin registered successfully:"
}
{
  "timestamp": "2024-05-14T16:12:40.884Z",
  "level": "info",
  "message": "Admins retrieved successfully"
}
{
  "timestamp": "2024-05-14T16:12:41.005Z",
  "level": "info",
  "message": "Admins retrieved successfully"
}
{
  "timestamp": "2024-05-14T16:12:44.265Z",
  "level": "info",
  "message": "Admins retrieved successfully"
}
{
  "timestamp": "2024-05-14T16:12:44.379Z",
  "level": "info",
  "message": "Admins retrieved successfully"
}
{
  "timestamp": "2024-05-14T16:12:48.808Z",
  "level": "info",
  "message": "Admins retrieved successfully"
}
{
  "timestamp": "2024-05-14T16:12:48.921Z",
  "level": "info",
  "message": "Admins retrieved successfully"
}
{
  "timestamp": "2024-05-14T16:12:54.806Z",
  "level": "info",
  "message": "Admins retrieved successfully"
}
{
  "timestamp": "2024-05-14T16:12:54.918Z",
  "level": "info",
  "message": "Admins retrieved successfully"
}
{
  "timestamp": "2024-05-14T17:01:42.659Z",
  "level": "info",
  "message": "Admins retrieved successfully"
}
{
  "timestamp": "2024-05-14T17:01:42.769Z",
  "level": "info",
  "message": "Admins retrieved successfully"
}
{
  "timestamp": "2024-05-14T17:01:43.527Z",
  "level": "info",
  "message": "Clients retrieved successfully:"
}
{
  "timestamp": "2024-05-14T17:01:44.033Z",
  "level": "info",
  "message": "Clients retrieved successfully:"
}
{
  "timestamp": "2024-05-14T17:01:47.838Z",
  "level": "info",
  "message": "Admins retrieved successfully"
}
{
  "timestamp": "2024-05-14T17:01:47.951Z",
  "level": "info",
  "message": "Admins retrieved successfully"
}
{
  "timestamp": "2024-05-14T17:04:40.418Z",
  "level": "info",
  "message": "Admins retrieved successfully"
}
{
  "timestamp": "2024-05-14T17:04:40.529Z",
  "level": "info",
  "message": "Admins retrieved successfully"
}
{
  "timestamp": "2024-05-14T17:04:42.288Z",
  "level": "info",
  "message": "Admins retrieved successfully"
}
{
  "timestamp": "2024-05-14T17:04:42.400Z",
  "level": "info",
  "message": "Admins retrieved successfully"
}
{
  "timestamp": "2024-05-14T17:04:46.404Z",
  "level": "info",
  "message": "Clients retrieved successfully:"
}
{
  "timestamp": "2024-05-14T17:04:47.181Z",
  "level": "info",
  "message": "Clients retrieved successfully:"
}
{
  "timestamp": "2024-05-14T17:04:49.081Z",
  "level": "info",
  "message": "Admins retrieved successfully"
}
{
  "timestamp": "2024-05-14T17:04:49.190Z",
  "level": "info",
  "message": "Admins retrieved successfully"
}
{
  "timestamp": "2024-05-14T17:05:05.889Z",
  "level": "info",
  "message": "Admins retrieved successfully"
}
{
  "timestamp": "2024-05-14T17:05:05.998Z",
  "level": "info",
  "message": "Admins retrieved successfully"
}
{
  "timestamp": "2024-05-14T17:05:06.550Z",
  "level": "info",
  "message": "Clients retrieved successfully:"
}
{
  "timestamp": "2024-05-14T17:05:07.266Z",
  "level": "info",
  "message": "Clients retrieved successfully:"
}
{
  "timestamp": "2024-05-14T17:05:22.264Z",
  "level": "info",
  "message": "Reports retrieved successfully"
}
{
  "timestamp": "2024-05-14T17:05:22.372Z",
  "level": "info",
  "message": "Reports retrieved successfully"
}
{
  "timestamp": "2024-05-14T17:05:25.353Z",
  "level": "info",
  "message": "Reports retrieved successfully"
}
{
  "timestamp": "2024-05-14T17:05:25.534Z",
  "level": "info",
  "message": "Reports retrieved successfully"
}
{
  "timestamp": "2024-05-14T17:05:29.941Z",
  "level": "info",
  "message": "Reports retrieved successfully"
}
{
  "timestamp": "2024-05-14T17:05:30.051Z",
  "level": "info",
  "message": "Reports retrieved successfully"
}
{
  "timestamp": "2024-05-14T17:05:39.845Z",
  "level": "info",
  "message": "Admins retrieved successfully"
}
{
  "timestamp": "2024-05-14T17:05:39.954Z",
  "level": "info",
  "message": "Admins retrieved successfully"
}
{
  "timestamp": "2024-05-14T17:05:41.600Z",
  "level": "info",
  "message": "Admins retrieved successfully"
}
{
  "timestamp": "2024-05-14T17:05:41.709Z",
  "level": "info",
  "message": "Admins retrieved successfully"
}
{
  "timestamp": "2024-05-14T17:05:45.171Z",
  "level": "info",
  "message": "Admins retrieved successfully"
}
{
  "timestamp": "2024-05-14T17:05:45.281Z",
  "level": "info",
  "message": "Admins retrieved successfully"
}
{
  "timestamp": "2024-05-14T17:54:58.021Z",
  "level": "info",
  "message": "Admins retrieved successfully"
}
{
  "timestamp": "2024-05-14T17:54:58.191Z",
  "level": "info",
  "message": "Admins retrieved successfully"
}
{
  "timestamp": "2024-05-14T17:56:48.508Z",
  "level": "info",
  "message": "Admins retrieved successfully"
}
{
  "timestamp": "2024-05-14T17:57:00.901Z",
  "level": "error",
  "message": "Error deleting admin: adminRef.once is not a function"
}
{
  "timestamp": "2024-05-14T17:57:28.628Z",
  "level": "error",
  "message": "Error deleting admin: adminRef.once is not a function"
}
{
  "timestamp": "2024-05-14T18:01:29.281Z",
  "level": "error",
  "message": "Error deleting admin: remove is not defined"
}
{
  "timestamp": "2024-05-14T18:04:50.252Z",
  "level": "error",
  "message": "Error deleting admin: remove is not defined"
}
{
  "timestamp": "2024-05-14T18:05:18.287Z",
  "level": "error",
  "message": "Error deleting admin: remove is not defined"
}
{
  "timestamp": "2024-05-14T18:05:53.647Z",
  "level": "error",
  "message": "Error deleting admin: remove is not a function"
}
{
  "timestamp": "2024-05-14T18:07:09.511Z",
  "level": "info",
  "message": "Admin deleted successfully:"
}
{
  "timestamp": "2024-05-14T18:07:18.856Z",
  "level": "info",
  "message": "Admin deleted successfully:"
}
{
  "timestamp": "2024-05-14T18:07:22.710Z",
  "level": "info",
  "message": "Admin deleted successfully:"
}
{
  "timestamp": "2024-05-14T18:07:30.608Z",
  "level": "info",
  "message": "Admins retrieved successfully"
}
{
  "timestamp": "2024-05-14T18:07:30.726Z",
  "level": "info",
  "message": "Admins retrieved successfully"
}
{
  "timestamp": "2024-05-14T18:07:36.749Z",
  "level": "info",
  "message": "Clients retrieved successfully:"
}
{
  "timestamp": "2024-05-14T18:07:37.844Z",
  "level": "info",
  "message": "Admins retrieved successfully"
}
{
  "timestamp": "2024-05-14T18:07:38.031Z",
  "level": "info",
  "message": "Clients retrieved successfully:"
}
{
  "timestamp": "2024-05-14T18:07:38.767Z",
  "level": "info",
  "message": "Admins retrieved successfully"
}
{
  "timestamp": "2024-05-14T18:07:40.829Z",
  "level": "info",
  "message": "Admins retrieved successfully"
}
{
  "timestamp": "2024-05-14T18:07:40.958Z",
  "level": "info",
  "message": "Admins retrieved successfully"
}
{
  "timestamp": "2024-05-14T18:07:43.944Z",
  "level": "info",
  "message": "Clients retrieved successfully:"
}
{
  "timestamp": "2024-05-14T18:07:45.064Z",
  "level": "info",
  "message": "Clients retrieved successfully:"
}
{
  "timestamp": "2024-05-14T18:26:36.659Z",
  "level": "info",
  "message": "Clients retrieved successfully:"
}
{
  "timestamp": "2024-05-14T18:29:04.514Z",
  "level": "info",
  "message": "Clients retrieved successfully:"
}
{
  "timestamp": "2024-05-14T18:29:25.822Z",
  "level": "info",
  "message": "Clients retrieved successfully:"
}
{
  "timestamp": "2024-05-14T18:29:35.822Z",
  "level": "info",
  "message": "Clients retrieved successfully:"
}
{
  "timestamp": "2024-05-14T18:41:36.564Z",
  "level": "info",
  "message": "Admins retrieved successfully"
}
{
  "timestamp": "2024-05-14T18:41:36.696Z",
  "level": "info",
  "message": "Admins retrieved successfully"
}
{
  "timestamp": "2024-05-14T18:42:29.541Z",
  "level": "info",
  "message": "Clients retrieved successfully:"
}
{
  "timestamp": "2024-05-14T18:42:30.350Z",
  "level": "info",
  "message": "Clients retrieved successfully:"
}
{
  "timestamp": "2024-05-14T18:43:07.524Z",
  "level": "info",
  "message": "Clients retrieved successfully:"
}
{
  "timestamp": "2024-05-14T18:43:08.946Z",
  "level": "info",
  "message": "Clients retrieved successfully:"
}
{
  "timestamp": "2024-05-14T18:43:24.805Z",
  "level": "info",
  "message": "Clients retrieved successfully:"
}
{
  "timestamp": "2024-05-14T18:43:26.331Z",
  "level": "info",
  "message": "Clients retrieved successfully:"
}
{
  "timestamp": "2024-05-14T18:44:42.355Z",
  "level": "info",
  "message": "Clients retrieved successfully:"
}
{
  "timestamp": "2024-05-14T18:50:35.522Z",
  "level": "error",
  "message": "Client not found"
}
{
  "timestamp": "2024-05-14T18:50:45.744Z",
  "level": "error",
  "message": "Client not found"
}
{
  "timestamp": "2024-05-14T18:51:01.398Z",
  "level": "error",
  "message": "Client not found"
}
{
  "timestamp": "2024-05-14T18:51:18.906Z",
  "level": "error",
  "message": "Client not found"
}
{
  "timestamp": "2024-05-14T18:52:24.471Z",
  "level": "info",
  "message": "Client data retrieved successfully for ID: -NxEEZlkaSgZpsr8UAvx"
}
{
  "timestamp": "2024-05-14T18:58:06.663Z",
  "level": "error",
  "message": "Client not found"
}
{
  "timestamp": "2024-05-14T18:58:56.666Z",
  "level": "error",
  "message": "Client not found"
}
{
  "timestamp": "2024-05-14T19:00:46.240Z",
  "level": "info",
  "message": "Client deleted successfully:"
}
{
  "timestamp": "2024-05-14T19:00:54.438Z",
  "level": "error",
  "message": "Client not found"
}
{
  "timestamp": "2024-05-14T19:01:12.827Z",
  "level": "info",
  "message": "Client deleted successfully:"
}
{
  "timestamp": "2024-05-14T19:01:19.008Z",
  "level": "info",
  "message": "Clients retrieved successfully:"
}
{
  "timestamp": "2024-05-14T19:01:20.098Z",
  "level": "info",
  "message": "Clients retrieved successfully:"
}
{
  "timestamp": "2024-05-14T19:01:27.648Z",
  "level": "info",
  "message": "Client deleted successfully:"
}
